{
  "RSpec": {
    "coverage": {
      "/Users/michaelsu/week8/bookmark_manager/app.rb": {
        "lines": [
          1,
          1,
          1,
          null,
          1,
          1,
          0,
          null,
          null,
          1,
          1,
          null,
          null,
          1,
          1,
          1,
          null,
          null,
          1,
          null,
          null
        ]
      },
      "/Users/michaelsu/week8/bookmark_manager/spec/bookmarks_spec.rb": {
        "lines": [
          1,
          null,
          1,
          1,
          1,
          1,
          1,
          1,
          1,
          null,
          null,
          null
        ]
      },
      "/Users/michaelsu/week8/bookmark_manager/lib/bookmarks.rb": {
        "lines": [
          1,
          null,
          1,
          1,
          2,
          2,
          8,
          null,
          null,
          null,
          null,
          null
        ]
      },
      "/Users/michaelsu/week8/bookmark_manager/spec/features/view_spec.rb": {
        "lines": [
          1,
          null,
          1,
          1,
          1,
          1,
          null,
          null,
          null,
          1,
          1,
          1,
          1,
          null,
          null
        ]
      }
    },
    "timestamp": 1649692394
  }
}
